<?xml version="1.0" encoding="UTF-8"?>
<!-- Generated by org.testng.reporters.JUnitXMLReporter -->
<testsuite hostname="DESKTOP-PARLO39" name="Default test" tests="5" failures="0" timestamp="15 May 2018 19:23:39 GMT" time="54.383" errors="0">
  <testcase name="testHomePageTabSwitching" time="0.006" classname="testSuit.KnowledgeBaseLoginTest"/>
  <testcase name="testLoginWithValidCredentialsInMobiControl" time="0.134" classname="testSuit.KnowledgeBaseLoginTest"/>
  <testcase name="testLoginWithInvalidCrerdentialsInMobicontrol" time="0.066" classname="testSuit.KnowledgeBaseLoginTest"/>
  <testcase name="testExistenceOfFeedbackButton" time="15.336" classname="testSuit.KnowledgeBaseLoginTest"/>
  <testcase name="testHomePageTitle" time="0.15" classname="testSuit.KnowledgeBaseLoginTest"/>
</testsuite> <!-- Default test -->
