<?xml version="1.0" encoding="UTF-8"?>
<!-- Generated by org.testng.reporters.JUnitXMLReporter -->
<testsuite hostname="DESKTOP-PARLO39" name="KB Login Test" tests="10" failures="2" timestamp="19 May 2018 11:37:05 GMT" time="92.502" errors="0">
  <testcase name="testLoginWithValidCredentialsInMobiControl" time="20.148" classname="testSuit.KnowledgeBaseLoginTest"/>
  <testcase name="testPageTitle" time="0.001" classname="testSuit.TestMyFollowing"/>
  <testcase name="testLoginWithInvalidCrerdentialsInMobicontrol" time="19.965" classname="testSuit.KnowledgeBaseLoginTest"/>
  <testcase name="testTabSwitching" time="0.001" classname="testSuit.TestMyFollowing"/>
  <testcase name="testExistenceOfFeedbackButton" time="15.396" classname="testSuit.KnowledgeBaseLoginTest">
    <failure type="java.lang.AssertionError" message="Feedback button not found">
      <![CDATA[java.lang.AssertionError: Feedback button not found
	at testSuit.KnowledgeBaseLoginTest.testExistenceOfFeedbackButton(KnowledgeBaseLoginTest.java:84)
	at java.util.concurrent.FutureTask.run(FutureTask.java:266)
	at java.util.concurrent.ThreadPoolExecutor.runWorker(ThreadPoolExecutor.java:1149)
	at java.util.concurrent.ThreadPoolExecutor$Worker.run(ThreadPoolExecutor.java:624)
	at java.lang.Thread.run(Thread.java:748)
... Removed 17 stack frames]]>
    </failure>
  </testcase> <!-- testExistenceOfFeedbackButton -->
  <testcase name="testRedirectitonToUserProfile" time="0.002" classname="testSuit.TestMyFollowing"/>
  <testcase name="validateHomePageTitle" time="0.107" classname="testSuit.KnowledgeBaseLoginTest">
    <failure type="java.lang.AssertionError" message="Wrong home page title is coming">
      <![CDATA[java.lang.AssertionError: Wrong home page title is coming
	at testSuit.KnowledgeBaseLoginTest.validateHomePageTitle(KnowledgeBaseLoginTest.java:101)
	at java.util.concurrent.FutureTask.run(FutureTask.java:266)
	at java.util.concurrent.ThreadPoolExecutor.runWorker(ThreadPoolExecutor.java:1149)
	at java.util.concurrent.ThreadPoolExecutor$Worker.run(ThreadPoolExecutor.java:624)
	at java.lang.Thread.run(Thread.java:748)
... Removed 17 stack frames]]>
    </failure>
  </testcase> <!-- validateHomePageTitle -->
  <testcase name="testRedirectionToPost" time="0.002" classname="testSuit.TestMyFollowing"/>
  <testcase name="testHomePageTabSwitching" time="0.26" classname="testSuit.KnowledgeBaseLoginTest"/>
  <testcase name="testPostStats" time="0.001" classname="testSuit.TestMyFollowing"/>
</testsuite> <!-- KB Login Test -->
