<?xml version="1.0" encoding="UTF-8"?>
<!-- Generated by org.testng.reporters.JUnitXMLReporter -->
<testsuite hostname="DESKTOP-PARLO39" name="KB Login Test" tests="7" failures="0" timestamp="19 May 2018 13:03:46 GMT" time="309.269" errors="0">
  <testcase name="testLoginWithValidCredentialsInMobiControl" time="197.491" classname="testSuit.KnowledgeBaseLoginTest"/>
  <testcase name="testPageTitle" time="0.002" classname="testSuit.TestMyFollowing"/>
  <testcase name="testLoginWithInvalidCrerdentialsInMobicontrol" time="24.381" classname="testSuit.KnowledgeBaseLoginTest"/>
  <testcase name="testTabSwitching" time="0.001" classname="testSuit.TestMyFollowing"/>
  <testcase name="testRedirectitonToUserProfile" time="0.003" classname="testSuit.TestMyFollowing"/>
  <testcase name="testRedirectionToPost" time="0.001" classname="testSuit.TestMyFollowing"/>
  <testcase name="testPostStats" time="0.002" classname="testSuit.TestMyFollowing"/>
</testsuite> <!-- KB Login Test -->
