<?xml version="1.0" encoding="UTF-8"?>
<!-- Generated by org.testng.reporters.JUnitXMLReporter -->
<testsuite hostname="IND157" name="Test" tests="7" failures="1" timestamp="27 Jun 2018 07:15:23 GMT" time="82.469" errors="0">
  <testcase name="testApproveFirstTopicFromPendingPostsScreen" time="23.835" classname="testSuit.TestPendingPosts">
    <skipped/>
  </testcase> <!-- testApproveFirstTopicFromPendingPostsScreen -->
  <testcase name="testLoginWithValidCredentialsInMobiControl" time="4.941" classname="testSuit.KnowledgeBaseLoginTest"/>
  <testcase name="testLoginWithInvalidCrerdentialsInMobicontrol" time="21.665" classname="testSuit.KnowledgeBaseLoginTest"/>
  <testcase name="testExistenceOfFeedbackButton" time="0.034" classname="testSuit.TestHomePage"/>
  <testcase name="validateHomePageTitle" time="0.051" classname="testSuit.TestHomePage"/>
  <testcase name="testHomePageTabSwitching" time="0.534" classname="testSuit.TestHomePage"/>
  <testcase name="testEditDraftCancelOnHomePage" time="18.461" classname="testSuit.TestHomePage">
    <failure type="java.lang.AssertionError" message="null">
      <![CDATA[java.lang.AssertionError: null
	at testSuit.TestHomePage.testEditDraftCancelOnHomePage(TestHomePage.java:114)
... Removed 26 stack frames]]>
    </failure>
  </testcase> <!-- testEditDraftCancelOnHomePage -->
</testsuite> <!-- Test -->
