<?xml version="1.0" encoding="UTF-8"?>
<!-- Generated by org.testng.reporters.JUnitXMLReporter -->
<testsuite hostname="DESKTOP-PARLO39" name="Test1" tests="5" failures="0" timestamp="17 May 2018 20:22:00 GMT" time="87.795" errors="0">
  <testcase name="@AfterClass tearDown" time="0.0" classname="testSuit.KnowledgeBaseLoginTest">
    <failure type="java.lang.NullPointerException">
      <![CDATA[java.lang.NullPointerException
	at utilities.ExtentReport.flushReport(ExtentReport.java:104)
	at testSuit.KnowledgeBaseLoginTest.tearDown(KnowledgeBaseLoginTest.java:116)
	at java.util.concurrent.FutureTask.run(FutureTask.java:266)
	at java.util.concurrent.ThreadPoolExecutor.runWorker(ThreadPoolExecutor.java:1149)
	at java.util.concurrent.ThreadPoolExecutor$Worker.run(ThreadPoolExecutor.java:624)
	at java.lang.Thread.run(Thread.java:748)
... Removed 16 stack frames]]>
    </failure>
  </testcase> <!-- @AfterClass tearDown -->
  <testcase name="testHomePageTabSwitching" time="0.014" classname="testSuit.KnowledgeBaseLoginTest"/>
  <testcase name="testLoginWithValidCredentialsInMobiControl" time="17.731" classname="testSuit.KnowledgeBaseLoginTest"/>
  <testcase name="testLoginWithInvalidCrerdentialsInMobicontrol" time="20.863" classname="testSuit.KnowledgeBaseLoginTest"/>
  <testcase name="testExistenceOfFeedbackButton" time="15.407" classname="testSuit.KnowledgeBaseLoginTest"/>
  <testcase name="testHomePageTitle" time="0.166" classname="testSuit.KnowledgeBaseLoginTest"/>
</testsuite> <!-- Test1 -->
