<?xml version="1.0" encoding="UTF-8"?>
<!-- Generated by org.testng.reporters.JUnitXMLReporter -->
<testsuite hostname="IND157" name="Test" tests="2" failures="1" timestamp="26 Jun 2018 09:43:46 GMT" time="28.19" errors="0">
  <testcase name="testEditDraftCancelOnHomePage" time="14.176" classname="testSuit.TestHomePage">
    <failure type="java.lang.AssertionError" message="null">
      <![CDATA[java.lang.AssertionError: null
	at testSuit.TestHomePage.testEditDraftCancelOnHomePage(TestHomePage.java:118)
... Removed 26 stack frames]]>
    </failure>
  </testcase> <!-- testEditDraftCancelOnHomePage -->
  <testcase name="testEditDraftCancelOnTopicDetailPage" time="5.677" classname="testSuit.TestTopicDetails"/>
</testsuite> <!-- Test -->
