<?xml version="1.0" encoding="UTF-8"?>
<!-- Generated by org.testng.reporters.JUnitXMLReporter -->
<testsuite hostname="DESKTOP-PARLO39" name="KB Following Test" tests="5" failures="0" timestamp="19 May 2018 08:20:03 GMT" time="56.648" errors="0">
  <testcase name="testPageTitle" time="0.003" classname="testSuit.TestMyFollowing"/>
  <testcase name="testTabSwitching" time="0.001" classname="testSuit.TestMyFollowing"/>
  <testcase name="testRedirectitonToUserProfile" time="0.002" classname="testSuit.TestMyFollowing"/>
  <testcase name="testRedirectionToPost" time="0.006" classname="testSuit.TestMyFollowing"/>
  <testcase name="testPostStats" time="0.001" classname="testSuit.TestMyFollowing"/>
</testsuite> <!-- KB Following Test -->
