<?xml version="1.0" encoding="UTF-8"?>
<!-- Generated by org.testng.reporters.JUnitXMLReporter -->
<testsuite hostname="DESKTOP-PARLO39" name="KB Login Test" tests="5" failures="0" timestamp="19 May 2018 08:20:09 GMT" time="62.792" errors="0">
  <testcase name="testHomePageTabSwitching" time="0.01" classname="testSuit.KnowledgeBaseLoginTest"/>
  <testcase name="testLoginWithValidCredentialsInMobiControl" time="5.41" classname="testSuit.KnowledgeBaseLoginTest"/>
  <testcase name="testLoginWithInvalidCrerdentialsInMobicontrol" time="1.034" classname="testSuit.KnowledgeBaseLoginTest"/>
  <testcase name="testExistenceOfFeedbackButton" time="1.022" classname="testSuit.KnowledgeBaseLoginTest"/>
  <testcase name="testHomePageTitle" time="1.021" classname="testSuit.KnowledgeBaseLoginTest"/>
</testsuite> <!-- KB Login Test -->
