<?xml version="1.0" encoding="UTF-8"?>
<testng-results skipped="0" failed="0" total="7" passed="7">
  <reporter-output>
  </reporter-output>
  <suite name="Suite" duration-ms="309269" started-at="2018-05-19T12:58:37Z" finished-at="2018-05-19T13:03:46Z">
    <groups>
    </groups>
    <test name="KB Login Test" duration-ms="309269" started-at="2018-05-19T12:58:37Z" finished-at="2018-05-19T13:03:46Z">
      <class name="testSuit.TestMyFollowing">
        <test-method status="PASS" signature="testPageTitle()[pri:1, instance:testSuit.TestMyFollowing@3c0ecd4b]" name="testPageTitle" duration-ms="2" started-at="2018-05-19T18:33:22Z" finished-at="2018-05-19T18:33:22Z">
          <reporter-output>
          </reporter-output>
        </test-method> <!-- testPageTitle -->
        <test-method status="PASS" signature="testTabSwitching()[pri:2, instance:testSuit.TestMyFollowing@3c0ecd4b]" name="testTabSwitching" duration-ms="1" started-at="2018-05-19T18:33:46Z" finished-at="2018-05-19T18:33:46Z">
          <reporter-output>
          </reporter-output>
        </test-method> <!-- testTabSwitching -->
        <test-method status="PASS" signature="testRedirectitonToUserProfile()[pri:3, instance:testSuit.TestMyFollowing@3c0ecd4b]" name="testRedirectitonToUserProfile" duration-ms="3" started-at="2018-05-19T18:33:46Z" finished-at="2018-05-19T18:33:46Z">
          <reporter-output>
          </reporter-output>
        </test-method> <!-- testRedirectitonToUserProfile -->
        <test-method status="PASS" signature="testRedirectionToPost()[pri:4, instance:testSuit.TestMyFollowing@3c0ecd4b]" name="testRedirectionToPost" duration-ms="1" started-at="2018-05-19T18:33:46Z" finished-at="2018-05-19T18:33:46Z">
          <reporter-output>
          </reporter-output>
        </test-method> <!-- testRedirectionToPost -->
        <test-method status="PASS" signature="testPostStats()[pri:5, instance:testSuit.TestMyFollowing@3c0ecd4b]" name="testPostStats" duration-ms="2" started-at="2018-05-19T18:33:46Z" finished-at="2018-05-19T18:33:46Z">
          <reporter-output>
          </reporter-output>
        </test-method> <!-- testPostStats -->
      </class> <!-- testSuit.TestMyFollowing -->
      <class name="testSuit.KnowledgeBaseLoginTest">
        <test-method status="PASS" signature="setupTest()[pri:0, instance:testSuit.KnowledgeBaseLoginTest@598067a5]" name="setupTest" is-config="true" duration-ms="49469" started-at="2018-05-19T18:29:06Z" finished-at="2018-05-19T18:29:55Z">
          <reporter-output>
          </reporter-output>
        </test-method> <!-- setupTest -->
        <test-method status="PASS" signature="setupTest()[pri:0, instance:testSuit.TestMyFollowing@3c0ecd4b]" name="setupTest" is-config="true" duration-ms="8819" started-at="2018-05-19T18:29:55Z" finished-at="2018-05-19T18:30:04Z">
          <reporter-output>
          </reporter-output>
        </test-method> <!-- setupTest -->
        <test-method status="PASS" signature="testLoginWithValidCredentialsInMobiControl()[pri:1, instance:testSuit.KnowledgeBaseLoginTest@598067a5]" name="testLoginWithValidCredentialsInMobiControl" duration-ms="197491" started-at="2018-05-19T18:30:04Z" finished-at="2018-05-19T18:33:22Z">
          <reporter-output>
          </reporter-output>
        </test-method> <!-- testLoginWithValidCredentialsInMobiControl -->
        <test-method status="PASS" signature="testLoginWithInvalidCrerdentialsInMobicontrol()[pri:2, instance:testSuit.KnowledgeBaseLoginTest@598067a5]" name="testLoginWithInvalidCrerdentialsInMobicontrol" duration-ms="24381" started-at="2018-05-19T18:33:22Z" finished-at="2018-05-19T18:33:46Z">
          <reporter-output>
          </reporter-output>
        </test-method> <!-- testLoginWithInvalidCrerdentialsInMobicontrol -->
      </class> <!-- testSuit.KnowledgeBaseLoginTest -->
    </test> <!-- KB Login Test -->
  </suite> <!-- Suite -->
</testng-results>
